<?xml version="1.0" encoding="UTF-8"?>
<!-- Generated by org.testng.reporters.JUnitXMLReporter -->
<testsuite ignored="11" hostname="DESKTOP-VSJMPEM" failures="0" tests="7" name="Magnto Ecommerce App Test Cases(failed)(failed)" time="120.222" errors="0" timestamp="2024-02-16T23:45:54 IST">
  <testcase classname="com.ecom.testcases.CheckoutPageTest" name="@BeforeMethod setUp" time="27.353">
    <failure type="org.openqa.selenium.ElementNotInteractableException" message="element not interactable
  (Session info: chrome=121.0.6167.185)
Build info: version: &amp;apos;4.17.0&amp;apos;, revision: &amp;apos;e52b1be057*&amp;apos;
System info: os.name: &amp;apos;Windows 10&amp;apos;, os.arch: &amp;apos;amd64&amp;apos;, os.version: &amp;apos;10.0&amp;apos;, java.version: &amp;apos;20.0.2&amp;apos;
Driver info: org.openqa.selenium.chrome.ChromeDriver
Command: [016058846462cd1b71e764796ac543dd, clickElement {id=9BAEF349A0AC5ADE63AFCDFF6DF5FE68_element_302}]
Capabilities {acceptInsecureCerts: false, browserName: chrome, browserVersion: 121.0.6167.185, chrome: {chromedriverVersion: 121.0.6167.85 (3f98d690ad7e..., userDataDir: C:\Users\ADMIN\AppData\Loca...}, fedcm:accounts: true, goog:chromeOptions: {debuggerAddress: localhost:53045}, networkConnectionEnabled: false, pageLoadStrategy: normal, platformName: windows, proxy: Proxy(), se:cdp: ws://localhost:53045/devtoo..., se:cdpVersion: 121.0.6167.185, setWindowRect: true, strictFileInteractability: false, timeouts: {implicit: 0, pageLoad: 300000, script: 30000}, unhandledPromptBehavior: dismiss and notify, webauthn:extension:credBlob: true, webauthn:extension:largeBlob: true, webauthn:extension:minPinLength: true, webauthn:extension:prf: true, webauthn:virtualAuthenticators: true}
Element: [[ChromeDriver: chrome on windows (016058846462cd1b71e764796ac543dd)] -&amp;gt; id: top-cart-btn-checkout]
Session ID: 016058846462cd1b71e764796ac543dd">
      <![CDATA[org.openqa.selenium.ElementNotInteractableException: element not interactable
  (Session info: chrome=121.0.6167.185)
Build info: version: '4.17.0', revision: 'e52b1be057*'
System info: os.name: 'Windows 10', os.arch: 'amd64', os.version: '10.0', java.version: '20.0.2'
Driver info: org.openqa.selenium.chrome.ChromeDriver
Command: [016058846462cd1b71e764796ac543dd, clickElement {id=9BAEF349A0AC5ADE63AFCDFF6DF5FE68_element_302}]
Capabilities {acceptInsecureCerts: false, browserName: chrome, browserVersion: 121.0.6167.185, chrome: {chromedriverVersion: 121.0.6167.85 (3f98d690ad7e..., userDataDir: C:\Users\ADMIN\AppData\Loca...}, fedcm:accounts: true, goog:chromeOptions: {debuggerAddress: localhost:53045}, networkConnectionEnabled: false, pageLoadStrategy: normal, platformName: windows, proxy: Proxy(), se:cdp: ws://localhost:53045/devtoo..., se:cdpVersion: 121.0.6167.185, setWindowRect: true, strictFileInteractability: false, timeouts: {implicit: 0, pageLoad: 300000, script: 30000}, unhandledPromptBehavior: dismiss and notify, webauthn:extension:credBlob: true, webauthn:extension:largeBlob: true, webauthn:extension:minPinLength: true, webauthn:extension:prf: true, webauthn:virtualAuthenticators: true}
Element: [[ChromeDriver: chrome on windows (016058846462cd1b71e764796ac543dd)] -> id: top-cart-btn-checkout]
Session ID: 016058846462cd1b71e764796ac543dd
at org.openqa.selenium.remote.codec.w3c.W3CHttpResponseCodec.createException(W3CHttpResponseCodec.java:185)
at org.openqa.selenium.remote.codec.w3c.W3CHttpResponseCodec.decode(W3CHttpResponseCodec.java:134)
at org.openqa.selenium.remote.codec.w3c.W3CHttpResponseCodec.decode(W3CHttpResponseCodec.java:51)
at org.openqa.selenium.remote.HttpCommandExecutor.execute(HttpCommandExecutor.java:190)
at org.openqa.selenium.remote.service.DriverCommandExecutor.invokeExecute(DriverCommandExecutor.java:216)
at org.openqa.selenium.remote.service.DriverCommandExecutor.execute(DriverCommandExecutor.java:174)
at org.openqa.selenium.remote.RemoteWebDriver.execute(RemoteWebDriver.java:519)
at org.openqa.selenium.remote.RemoteWebElement.execute(RemoteWebElement.java:223)
at org.openqa.selenium.remote.RemoteWebElement.click(RemoteWebElement.java:76)
at org.openqa.selenium.support.pagefactory.internal.LocatingElementHandler.invoke(LocatingElementHandler.java:51)
at jdk.proxy2/jdk.proxy2.$Proxy12.click(Unknown Source)
at com.ecom.pages.ProductDescriptionPage.clickOnCheckout(ProductDescriptionPage.java:81)
at com.ecom.testcases.CheckoutPageTest.setUp(CheckoutPageTest.java:46)
at java.base/java.util.ArrayList.forEach(ArrayList.java:1511)
... Removed 34 stack frames]]>
    </failure>
  </testcase> <!-- @BeforeMethod setUp -->
  <testcase classname="com.ecom.testcases.CheckoutPageTest" name="@AfterMethod tearDown" time="0.0">
    <skipped/>
  </testcase> <!-- @AfterMethod tearDown -->
  <testcase classname="com.ecom.testcases.CheckoutPageTest" name="@BeforeMethod setUp" time="0.0">
    <skipped/>
  </testcase> <!-- @BeforeMethod setUp -->
  <testcase classname="com.ecom.testcases.CheckoutPageTest" name="@AfterMethod tearDown" time="0.0">
    <skipped/>
  </testcase> <!-- @AfterMethod tearDown -->
  <testcase classname="com.ecom.testcases.CheckoutPageTest" name="@BeforeMethod setUp" time="0.0">
    <skipped/>
  </testcase> <!-- @BeforeMethod setUp -->
  <testcase classname="com.ecom.testcases.CheckoutPageTest" name="@AfterMethod tearDown" time="0.0">
    <skipped/>
  </testcase> <!-- @AfterMethod tearDown -->
  <testcase classname="com.ecom.testcases.ProdutDescriptionTest" name="verifyProductAddedSuccessfullyTest" time="4.896"/>
  <testcase classname="com.ecom.testcases.ProdutDescriptionTest" name="clickOnCheckoutTest" time="4.329"/>
  <testcase classname="com.ecom.testcases.HomePageTest" name="clickOnMensJacketsNavbarTest" time="1.973"/>
  <testcase classname="com.ecom.testcases.CheckoutPageTest" name="verifyShippingLabelTest" time="0.0">
    <skipped/>
  </testcase> <!-- verifyShippingLabelTest -->
  <testcase classname="com.ecom.testcases.CheckoutPageTest" name="verifyPaymentMethodLabelTest" time="0.0">
    <skipped/>
  </testcase> <!-- verifyPaymentMethodLabelTest -->
  <testcase classname="com.ecom.testcases.CheckoutPageTest" name="placeOrderTest" time="0.0">
    <skipped/>
  </testcase> <!-- placeOrderTest -->
  <testcase classname="com.ecom.testcases.JacketsPageTest" name="clickOnProductTest" time="2.124"/>
  <testcase classname="com.ecom.testcases.ProdutDescriptionTest" name="verifyProductDescriptionPageTitleTest" time="0.0">
    <ignored/>
  </testcase> <!-- verifyProductDescriptionPageTitleTest -->
  <testcase classname="com.ecom.testcases.HomePageTest" name="verifyUserNameTest" time="0.0">
    <ignored/>
  </testcase> <!-- verifyUserNameTest -->
  <testcase classname="com.ecom.testcases.ProdutDescriptionTest" name="enterJacketQualtityTest" time="0.0">
    <ignored/>
  </testcase> <!-- enterJacketQualtityTest -->
  <testcase classname="com.ecom.testcases.JacketsPageTest" name="verifyJacketsProductNameTest" time="0.0">
    <ignored/>
  </testcase> <!-- verifyJacketsProductNameTest -->
  <testcase classname="com.ecom.testcases.CheckoutPageTest" name="verifyCheckoutPageTitleTest" time="0.0">
    <ignored/>
  </testcase> <!-- verifyCheckoutPageTitleTest -->
  <testcase classname="com.ecom.testcases.ProdutDescriptionTest" name="verifyLargeJacketSelectedTest" time="0.0">
    <ignored/>
  </testcase> <!-- verifyLargeJacketSelectedTest -->
  <testcase classname="com.ecom.testcases.ProdutDescriptionTest" name="verifyPurpleColorSelectedTest" time="0.0">
    <ignored/>
  </testcase> <!-- verifyPurpleColorSelectedTest -->
  <testcase classname="com.ecom.testcases.ProdutDescriptionTest" name="clickOnCartTest" time="0.0">
    <ignored/>
  </testcase> <!-- clickOnCartTest -->
  <testcase classname="com.ecom.testcases.ProdutDescriptionTest" name="clickOnAddToCartTest" time="0.0">
    <ignored/>
  </testcase> <!-- clickOnAddToCartTest -->
  <testcase classname="com.ecom.testcases.HomePageTest" name="verifyHomePageTitleTest" time="0.0">
    <ignored/>
  </testcase> <!-- verifyHomePageTitleTest -->
  <testcase classname="com.ecom.testcases.JacketsPageTest" name="verifyJacketsPageTitleTest" time="0.0">
    <ignored/>
  </testcase> <!-- verifyJacketsPageTitleTest -->
</testsuite> <!-- Magnto Ecommerce App Test Cases(failed)(failed) -->
